Provided cores: 96
Rules claiming more threads will be scaled down.
Job counts:
	count	jobs
	1	all
	1

rule all:
    jobid: 0
    threads: 96

Nothing to be done.
Nothing to be done.
/home/CSCScience.ca/gkempenaar/.conda/envs/skmer/lib/python3.6/importlib/_bootstrap.py:219: RuntimeWarning: numpy.dtype size changed, may indicate binary incompatibility. Expected 96, got 88
  return f(*args, **kwds)
Nothing to be done.
/home/CSCScience.ca/gkempenaar/.conda/envs/skmer/lib/python3.6/importlib/_bootstrap.py:219: RuntimeWarning: numpy.dtype size changed, may indicate binary incompatibility. Expected 96, got 88
  return f(*args, **kwds)
/home/CSCScience.ca/gkempenaar/.conda/envs/skmer/lib/python3.6/importlib/_bootstrap.py:219: RuntimeWarning: numpy.dtype size changed, may indicate binary incompatibility. Expected 96, got 88
  return f(*args, **kwds)
/home/CSCScience.ca/gkempenaar/.conda/envs/skmer/lib/python3.6/importlib/_bootstrap.py:219: RuntimeWarning: numpy.dtype size changed, may indicate binary incompatibility. Expected 96, got 88
  return f(*args, **kwds)
/home/CSCScience.ca/gkempenaar/.conda/envs/skmer/lib/python3.6/importlib/_bootstrap.py:219: RuntimeWarning: numpy.dtype size changed, may indicate binary incompatibility. Expected 96, got 88
  return f(*args, **kwds)
/home/CSCScience.ca/gkempenaar/.conda/envs/skmer/lib/python3.6/importlib/_bootstrap.py:219: RuntimeWarning: numpy.dtype size changed, may indicate binary incompatibility. Expected 96, got 88
  return f(*args, **kwds)
Nothing to be done.
/home/CSCScience.ca/gkempenaar/.conda/envs/skmer/lib/python3.6/importlib/_bootstrap.py:219: RuntimeWarning: numpy.dtype size changed, may indicate binary incompatibility. Expected 96, got 88
  return f(*args, **kwds)
/home/CSCScience.ca/gkempenaar/.conda/envs/skmer/lib/python3.6/importlib/_bootstrap.py:219: RuntimeWarning: numpy.dtype size changed, may indicate binary incompatibility. Expected 96, got 88
  return f(*args, **kwds)
/home/CSCScience.ca/gkempenaar/.conda/envs/skmer/lib/python3.6/importlib/_bootstrap.py:219: RuntimeWarning: numpy.dtype size changed, may indicate binary incompatibility. Expected 96, got 88
  return f(*args, **kwds)
/home/CSCScience.ca/gkempenaar/.conda/envs/skmer/lib/python3.6/importlib/_bootstrap.py:219: RuntimeWarning: numpy.dtype size changed, may indicate binary incompatibility. Expected 96, got 88
  return f(*args, **kwds)
/home/CSCScience.ca/gkempenaar/.conda/envs/skmer/lib/python3.6/importlib/_bootstrap.py:219: RuntimeWarning: numpy.dtype size changed, may indicate binary incompatibility. Expected 96, got 88
  return f(*args, **kwds)
/home/CSCScience.ca/gkempenaar/.conda/envs/skmer/lib/python3.6/site-packages/sklearn/ensemble/weight_boosting.py:29: DeprecationWarning: numpy.core.umath_tests is an internal NumPy module and should not be imported. It will be removed in a future NumPy release.
  from numpy.core.umath_tests import inner1d
Provided cores: 96
Rules claiming more threads will be scaled down.
Job counts:
	count	jobs
	1	all
	2	train
	3

rule train:
    input: data/TIO/500features/X_train.pkl, data/TIO/500features/X_test.pkl, data/TIO/500features/y_train.pkl, data/TIO/500features/y_test.pkl
    output: data/TIO/500features/xgb_model.pkl, data/TIO/500features/xgb_report.txt
    jobid: 2
    wildcards: drug=TIO, feat=500

rule train:
    input: data/AMP/500features/X_train.pkl, data/AMP/500features/X_test.pkl, data/AMP/500features/y_train.pkl, data/AMP/500features/y_test.pkl
    output: data/AMP/500features/xgb_model.pkl, data/AMP/500features/xgb_report.txt
    jobid: 1
    wildcards: drug=AMP, feat=500

WARN: OMP_NUM_THREADS=None =>
... If you are using openblas if you are using openblas set OMP_NUM_THREADS=1 or risk subprocess calls hanging indefinitely
            AAAAAAAAACG  AAAAAAAAAGC     ...       AAAAACTAAGT  AAAAACTAATG
run                                      ...                               
SRR2567145            5            6     ...                 2            3
SRR2407626            4            5     ...                 2            1
SRR3932970            3            4     ...                 2            2
SRR2567201            4            5     ...                 1            1
SRR1805653            4            4     ...                 4            2

[5 rows x 500 columns]
run
SRR2567145    1
SRR2407626    2
SRR3932970    3
SRR2567201    2
SRR1805653    5
Name: TIO, dtype: int64
/home/CSCScience.ca/gkempenaar/.conda/envs/skmer/lib/python3.6/importlib/_bootstrap.py:219: RuntimeWarning: numpy.dtype size changed, may indicate binary incompatibility. Expected 96, got 88
  return f(*args, **kwds)
/home/CSCScience.ca/gkempenaar/.conda/envs/skmer/lib/python3.6/importlib/_bootstrap.py:219: RuntimeWarning: numpy.dtype size changed, may indicate binary incompatibility. Expected 96, got 88
  return f(*args, **kwds)
/home/CSCScience.ca/gkempenaar/.conda/envs/skmer/lib/python3.6/importlib/_bootstrap.py:219: RuntimeWarning: numpy.dtype size changed, may indicate binary incompatibility. Expected 96, got 88
  return f(*args, **kwds)
/home/CSCScience.ca/gkempenaar/.conda/envs/skmer/lib/python3.6/importlib/_bootstrap.py:219: RuntimeWarning: numpy.dtype size changed, may indicate binary incompatibility. Expected 96, got 88
  return f(*args, **kwds)
/home/CSCScience.ca/gkempenaar/.conda/envs/skmer/lib/python3.6/importlib/_bootstrap.py:219: RuntimeWarning: numpy.dtype size changed, may indicate binary incompatibility. Expected 96, got 88
  return f(*args, **kwds)
/home/CSCScience.ca/gkempenaar/.conda/envs/skmer/lib/python3.6/site-packages/sklearn/ensemble/weight_boosting.py:29: DeprecationWarning: numpy.core.umath_tests is an internal NumPy module and should not be imported. It will be removed in a future NumPy release.
  from numpy.core.umath_tests import inner1d
WARN: OMP_NUM_THREADS=None =>
... If you are using openblas if you are using openblas set OMP_NUM_THREADS=1 or risk subprocess calls hanging indefinitely
            AAAAAAAAATA  AAAAAAAACCC     ...       AAAAACTAAGT  AAAAACTAATG
run                                      ...                               
SRR3664774            2            7     ...                 3            3
SRR2407796            0            5     ...                 2            2
SRR3665158            0            5     ...                 3            2
SRR2407794            2            7     ...                 2            1
SRR2567145            2            6     ...                 2            3

[5 rows x 500 columns]
run
SRR3664774    5
SRR2407796    0
SRR3665158    0
SRR2407794    0
SRR2567145    0
Name: AMP, dtype: int64
/home/CSCScience.ca/gkempenaar/.conda/envs/skmer/lib/python3.6/importlib/_bootstrap.py:219: RuntimeWarning: numpy.dtype size changed, may indicate binary incompatibility. Expected 96, got 88
  return f(*args, **kwds)
/home/CSCScience.ca/gkempenaar/.conda/envs/skmer/lib/python3.6/importlib/_bootstrap.py:219: RuntimeWarning: numpy.dtype size changed, may indicate binary incompatibility. Expected 96, got 88
  return f(*args, **kwds)
/home/CSCScience.ca/gkempenaar/.conda/envs/skmer/lib/python3.6/importlib/_bootstrap.py:219: RuntimeWarning: numpy.dtype size changed, may indicate binary incompatibility. Expected 96, got 88
  return f(*args, **kwds)
/home/CSCScience.ca/gkempenaar/.conda/envs/skmer/lib/python3.6/importlib/_bootstrap.py:219: RuntimeWarning: numpy.dtype size changed, may indicate binary incompatibility. Expected 96, got 88
  return f(*args, **kwds)
/home/CSCScience.ca/gkempenaar/.conda/envs/skmer/lib/python3.6/importlib/_bootstrap.py:219: RuntimeWarning: numpy.dtype size changed, may indicate binary incompatibility. Expected 96, got 88
  return f(*args, **kwds)
/home/CSCScience.ca/gkempenaar/.conda/envs/skmer/lib/python3.6/site-packages/sklearn/ensemble/weight_boosting.py:29: DeprecationWarning: numpy.core.umath_tests is an internal NumPy module and should not be imported. It will be removed in a future NumPy release.
  from numpy.core.umath_tests import inner1d
/home/CSCScience.ca/gkempenaar/.conda/envs/skmer/lib/python3.6/site-packages/sklearn/preprocessing/label.py:151: DeprecationWarning: The truth value of an empty array is ambiguous. Returning False, but in future this will result in an error. Use `array.size > 0` to check that an array is not empty.
  if diff:
/home/CSCScience.ca/gkempenaar/.conda/envs/skmer/lib/python3.6/site-packages/sklearn/preprocessing/label.py:151: DeprecationWarning: The truth value of an empty array is ambiguous. Returning False, but in future this will result in an error. Use `array.size > 0` to check that an array is not empty.
  if diff:
/home/CSCScience.ca/gkempenaar/.conda/envs/skmer/lib/python3.6/site-packages/sklearn/preprocessing/label.py:151: DeprecationWarning: The truth value of an empty array is ambiguous. Returning False, but in future this will result in an error. Use `array.size > 0` to check that an array is not empty.
  if diff:
/home/CSCScience.ca/gkempenaar/.conda/envs/skmer/lib/python3.6/site-packages/sklearn/preprocessing/label.py:151: DeprecationWarning: The truth value of an empty array is ambiguous. Returning False, but in future this will result in an error. Use `array.size > 0` to check that an array is not empty.
  if diff:
/home/CSCScience.ca/gkempenaar/.conda/envs/skmer/lib/python3.6/site-packages/sklearn/preprocessing/label.py:151: DeprecationWarning: The truth value of an empty array is ambiguous. Returning False, but in future this will result in an error. Use `array.size > 0` to check that an array is not empty.
  if diff:
/home/CSCScience.ca/gkempenaar/.conda/envs/skmer/lib/python3.6/site-packages/sklearn/preprocessing/label.py:151: DeprecationWarning: The truth value of an empty array is ambiguous. Returning False, but in future this will result in an error. Use `array.size > 0` to check that an array is not empty.
  if diff:
/home/CSCScience.ca/gkempenaar/.conda/envs/skmer/lib/python3.6/site-packages/sklearn/preprocessing/label.py:151: DeprecationWarning: The truth value of an empty array is ambiguous. Returning False, but in future this will result in an error. Use `array.size > 0` to check that an array is not empty.
  if diff:
/home/CSCScience.ca/gkempenaar/.conda/envs/skmer/lib/python3.6/site-packages/sklearn/preprocessing/label.py:151: DeprecationWarning: The truth value of an empty array is ambiguous. Returning False, but in future this will result in an error. Use `array.size > 0` to check that an array is not empty.
  if diff:
/home/CSCScience.ca/gkempenaar/.conda/envs/skmer/lib/python3.6/site-packages/sklearn/preprocessing/label.py:151: DeprecationWarning: The truth value of an empty array is ambiguous. Returning False, but in future this will result in an error. Use `array.size > 0` to check that an array is not empty.
  if diff:
/home/CSCScience.ca/gkempenaar/.conda/envs/skmer/lib/python3.6/site-packages/sklearn/preprocessing/label.py:151: DeprecationWarning: The truth value of an empty array is ambiguous. Returning False, but in future this will result in an error. Use `array.size > 0` to check that an array is not empty.
  if diff:
/home/CSCScience.ca/gkempenaar/.conda/envs/skmer/lib/python3.6/site-packages/sklearn/preprocessing/label.py:151: DeprecationWarning: The truth value of an empty array is ambiguous. Returning False, but in future this will result in an error. Use `array.size > 0` to check that an array is not empty.
  if diff:
/home/CSCScience.ca/gkempenaar/.conda/envs/skmer/lib/python3.6/site-packages/sklearn/preprocessing/label.py:151: DeprecationWarning: The truth value of an empty array is ambiguous. Returning False, but in future this will result in an error. Use `array.size > 0` to check that an array is not empty.
  if diff:
/home/CSCScience.ca/gkempenaar/.conda/envs/skmer/lib/python3.6/site-packages/sklearn/preprocessing/label.py:151: DeprecationWarning: The truth value of an empty array is ambiguous. Returning False, but in future this will result in an error. Use `array.size > 0` to check that an array is not empty.
  if diff:
/home/CSCScience.ca/gkempenaar/.conda/envs/skmer/lib/python3.6/site-packages/sklearn/preprocessing/label.py:151: DeprecationWarning: The truth value of an empty array is ambiguous. Returning False, but in future this will result in an error. Use `array.size > 0` to check that an array is not empty.
  if diff:
/home/CSCScience.ca/gkempenaar/.conda/envs/skmer/lib/python3.6/site-packages/sklearn/preprocessing/label.py:151: DeprecationWarning: The truth value of an empty array is ambiguous. Returning False, but in future this will result in an error. Use `array.size > 0` to check that an array is not empty.
  if diff:
/home/CSCScience.ca/gkempenaar/.conda/envs/skmer/lib/python3.6/site-packages/sklearn/preprocessing/label.py:151: DeprecationWarning: The truth value of an empty array is ambiguous. Returning False, but in future this will result in an error. Use `array.size > 0` to check that an array is not empty.
  if diff:
/home/CSCScience.ca/gkempenaar/.conda/envs/skmer/lib/python3.6/site-packages/sklearn/preprocessing/label.py:151: DeprecationWarning: The truth value of an empty array is ambiguous. Returning False, but in future this will result in an error. Use `array.size > 0` to check that an array is not empty.
  if diff:
/home/CSCScience.ca/gkempenaar/.conda/envs/skmer/lib/python3.6/site-packages/sklearn/preprocessing/label.py:151: DeprecationWarning: The truth value of an empty array is ambiguous. Returning False, but in future this will result in an error. Use `array.size > 0` to check that an array is not empty.
  if diff:
/home/CSCScience.ca/gkempenaar/.conda/envs/skmer/lib/python3.6/site-packages/sklearn/preprocessing/label.py:151: DeprecationWarning: The truth value of an empty array is ambiguous. Returning False, but in future this will result in an error. Use `array.size > 0` to check that an array is not empty.
  if diff:
/home/CSCScience.ca/gkempenaar/.conda/envs/skmer/lib/python3.6/site-packages/sklearn/preprocessing/label.py:151: DeprecationWarning: The truth value of an empty array is ambiguous. Returning False, but in future this will result in an error. Use `array.size > 0` to check that an array is not empty.
  if diff:
0.8517699115044248
Finished job 1.
1 of 3 steps (33%) done
/home/CSCScience.ca/gkempenaar/.conda/envs/skmer/lib/python3.6/site-packages/sklearn/preprocessing/label.py:151: DeprecationWarning: The truth value of an empty array is ambiguous. Returning False, but in future this will result in an error. Use `array.size > 0` to check that an array is not empty.
  if diff:
/home/CSCScience.ca/gkempenaar/.conda/envs/skmer/lib/python3.6/site-packages/sklearn/preprocessing/label.py:151: DeprecationWarning: The truth value of an empty array is ambiguous. Returning False, but in future this will result in an error. Use `array.size > 0` to check that an array is not empty.
  if diff:
0.7787610619469026
Finished job 2.
2 of 3 steps (67%) done

localrule all:
    input: data/AMP/500features/xgb_model.pkl, data/TIO/500features/xgb_model.pkl, data/AMP/500features/xgb_report.txt, data/TIO/500features/xgb_report.txt
    jobid: 0

Finished job 0.
3 of 3 steps (100%) done
WARN: OMP_NUM_THREADS=None =>
... If you are using openblas if you are using openblas set OMP_NUM_THREADS=1 or risk subprocess calls hanging indefinitely
/home/CSCScience.ca/gkempenaar/.conda/envs/skmer/lib/python3.6/importlib/_bootstrap.py:219: RuntimeWarning: numpy.dtype size changed, may indicate binary incompatibility. Expected 96, got 88
  return f(*args, **kwds)
/home/CSCScience.ca/gkempenaar/.conda/envs/skmer/lib/python3.6/importlib/_bootstrap.py:219: RuntimeWarning: numpy.dtype size changed, may indicate binary incompatibility. Expected 96, got 88
  return f(*args, **kwds)
/home/CSCScience.ca/gkempenaar/.conda/envs/skmer/lib/python3.6/importlib/_bootstrap.py:219: RuntimeWarning: numpy.dtype size changed, may indicate binary incompatibility. Expected 96, got 88
  return f(*args, **kwds)
/home/CSCScience.ca/gkempenaar/.conda/envs/skmer/lib/python3.6/importlib/_bootstrap.py:219: RuntimeWarning: numpy.dtype size changed, may indicate binary incompatibility. Expected 96, got 88
  return f(*args, **kwds)
/home/CSCScience.ca/gkempenaar/.conda/envs/skmer/lib/python3.6/importlib/_bootstrap.py:219: RuntimeWarning: numpy.dtype size changed, may indicate binary incompatibility. Expected 96, got 88
  return f(*args, **kwds)
Provided cores: 96
Rules claiming more threads will be scaled down.
Job counts:
	count	jobs
	1	all
	2	test
	3

rule test:
    input: data/TIO/500features/X_grdi.pkl, data/TIO/500features/y_grdi_xref.pkl, data/TIO/500features/xgb_model.pkl
    output: data/TIO/500features/grdi_xgb_report.txt
    jobid: 1
    wildcards: drug=TIO, feat=500

rule test:
    input: data/AMP/500features/X_grdi.pkl, data/AMP/500features/y_grdi_xref.pkl, data/AMP/500features/xgb_model.pkl
    output: data/AMP/500features/grdi_xgb_report.txt
    jobid: 2
    wildcards: drug=AMP, feat=500

/home/CSCScience.ca/gkempenaar/.conda/envs/skmer/lib/python3.6/importlib/_bootstrap.py:219: RuntimeWarning: numpy.dtype size changed, may indicate binary incompatibility. Expected 96, got 88
  return f(*args, **kwds)
/home/CSCScience.ca/gkempenaar/.conda/envs/skmer/lib/python3.6/importlib/_bootstrap.py:219: RuntimeWarning: numpy.dtype size changed, may indicate binary incompatibility. Expected 96, got 88
  return f(*args, **kwds)
/home/CSCScience.ca/gkempenaar/.conda/envs/skmer/lib/python3.6/importlib/_bootstrap.py:219: RuntimeWarning: numpy.dtype size changed, may indicate binary incompatibility. Expected 96, got 88
  return f(*args, **kwds)
/home/CSCScience.ca/gkempenaar/.conda/envs/skmer/lib/python3.6/importlib/_bootstrap.py:219: RuntimeWarning: numpy.dtype size changed, may indicate binary incompatibility. Expected 96, got 88
  return f(*args, **kwds)
/home/CSCScience.ca/gkempenaar/.conda/envs/skmer/lib/python3.6/importlib/_bootstrap.py:219: RuntimeWarning: numpy.dtype size changed, may indicate binary incompatibility. Expected 96, got 88
  return f(*args, **kwds)
/home/CSCScience.ca/gkempenaar/.conda/envs/skmer/lib/python3.6/site-packages/sklearn/preprocessing/label.py:151: DeprecationWarning: The truth value of an empty array is ambiguous. Returning False, but in future this will result in an error. Use `array.size > 0` to check that an array is not empty.
  if diff:
            AAAAAAAAACG  AAAAAAAAAGC     ...       AAAAACTAAGT  AAAAACTAATG
SA20122341            4            4     ...                 3            2
SA20122317            3            4     ...                 3            2
SA20135865            5            7     ...                 2            3
SA20080260            3            4     ...                 3            2
SA20090482            3            4     ...                 3            2

[5 rows x 500 columns]
SANumber
SA20122341    2
SA20122317    2
SA20135865    2
SA20080260    1
SA20090482    2
Name: TIO, dtype: int64
0.8299367533380183
Finished job 1.
1 of 3 steps (33%) done
/home/CSCScience.ca/gkempenaar/.conda/envs/skmer/lib/python3.6/importlib/_bootstrap.py:219: RuntimeWarning: numpy.dtype size changed, may indicate binary incompatibility. Expected 96, got 88
  return f(*args, **kwds)
/home/CSCScience.ca/gkempenaar/.conda/envs/skmer/lib/python3.6/importlib/_bootstrap.py:219: RuntimeWarning: numpy.dtype size changed, may indicate binary incompatibility. Expected 96, got 88
  return f(*args, **kwds)
/home/CSCScience.ca/gkempenaar/.conda/envs/skmer/lib/python3.6/importlib/_bootstrap.py:219: RuntimeWarning: numpy.dtype size changed, may indicate binary incompatibility. Expected 96, got 88
  return f(*args, **kwds)
/home/CSCScience.ca/gkempenaar/.conda/envs/skmer/lib/python3.6/importlib/_bootstrap.py:219: RuntimeWarning: numpy.dtype size changed, may indicate binary incompatibility. Expected 96, got 88
  return f(*args, **kwds)
/home/CSCScience.ca/gkempenaar/.conda/envs/skmer/lib/python3.6/importlib/_bootstrap.py:219: RuntimeWarning: numpy.dtype size changed, may indicate binary incompatibility. Expected 96, got 88
  return f(*args, **kwds)
/home/CSCScience.ca/gkempenaar/.conda/envs/skmer/lib/python3.6/site-packages/sklearn/preprocessing/label.py:151: DeprecationWarning: The truth value of an empty array is ambiguous. Returning False, but in future this will result in an error. Use `array.size > 0` to check that an array is not empty.
  if diff:
            AAAAAAAAATA  AAAAAAAACCC     ...       AAAAACTAAGT  AAAAACTAATG
SA20122341            0            5     ...                 3            2
SA20122317            0            5     ...                 3            2
SA20135865            2            6     ...                 2            3
SA20080260            0            5     ...                 3            2
SA20090482            0            5     ...                 3            2

[5 rows x 500 columns]
SANumber
SA20122341    0
SA20122317    1
SA20135865    0
SA20080260    0
SA20090482    0
Name: AMP, dtype: int64
0.8933333333333333
Finished job 2.
2 of 3 steps (67%) done

localrule all:
    input: data/AMP/500features/grdi_xgb_report.txt, data/TIO/500features/grdi_xgb_report.txt
    jobid: 0

Finished job 0.
3 of 3 steps (100%) done
Finished job 0.
1 of 1 steps (100%) done
